0:100  0:100  MemLog inited, TSC freq: 2808393080
0:100  0:000  CPU was calibrated with RTC
0:100  0:000  
0:100  0:000  Now is 25.6.2018,  7:50:42 (GMT)
0:100  0:000  Starting Clover revision: 4429 on American Megatrends EFI
0:100  0:000  Build with: [Args: -mc --no-usb -D NO_GRUB_DRIVERS_EMBEDDED -t XCODE8 | -D DISABLE_USB_SUPPORT -D NO_GRUB_DRIVERS_EMBEDDED --conf=/Users/sky/src/edk2/Conf -D USE_BIOS_BLOCKIO -D USE_LOW_EBDA -a X64 -b RELEASE -t XCODE8 -n 5 | OS: 10.13.5 | XCODE: 8.3.3]
0:100  0:000  SelfDevicePath=PciRoot(0x0)\Pci(0x1D,0x0)\Pci(0x0,0x0)\NVMe(0x1,BC-0D-B0-71-C8-38-25-00)\HD(1,GPT,4AB76135-2BE3-46A8-8DBE-FDC2E352A2ED,0x30,0xFFFD0) @760E6798
0:100  0:000  SelfDirPath = \EFI\CLOVER
0:100  0:000  === [ Get Smbios ] ========================================
0:100  0:000  Type 16 Index = 0
0:100  0:000  Total Memory Slots Count = 2
0:100  0:000  Type 17 Index = 0
0:100  0:000  SmbiosTable.Type17->Speed = 2400MHz
0:100  0:000  SmbiosTable.Type17->Size = 8192MB
0:100  0:000  SmbiosTable.Type17->Bank/Device = BANK 0 DIMM A
0:100  0:000  SmbiosTable.Type17->Vendor = SK Hynix
0:100  0:000  SmbiosTable.Type17->SerialNumber = 919E4254
0:100  0:000  SmbiosTable.Type17->PartNumber = HMA81GS6AFR8N-UH    
0:100  0:000  Type 17 Index = 1
0:100  0:000  Ignoring insane frequency value 0MHz
0:100  0:000  SmbiosTable.Type17->Speed = 0MHz
0:100  0:000  SmbiosTable.Type17->Size = 0MB
0:100  0:000  SmbiosTable.Type17->Bank/Device = BANK 2 ChannelB-DIMM0
0:100  0:000  SmbiosTable.Type17->Vendor = <null string>
0:100  0:000  SmbiosTable.Type17->SerialNumber = <null string>
0:100  0:000  SmbiosTable.Type17->PartNumber = <null string>
0:100  0:000  Boot status=0
0:100  0:000  Running on: 'Inspiron 15 7000 Gaming' with board '065C71'
0:100  0:000  === [ GetCPUProperties ] ==================================
0:100  0:000  CPU Vendor = 756E6547 Model=906E9
0:100  0:000   The CPU supported SSE4.1
0:100  0:000  BrandString = Intel(R) Core(TM) i7-7700HQ CPU @ 2.80GHz
0:100  0:000   The CPU supported turbo
0:100  0:000  MSR 0x35               40008
0:100  0:000   TSC/CCC Information Leaf:
0:100  0:000    numerator     : 234
0:100  0:000    denominator   : 2
0:100  0:000   Calibrated ARTFrequency: 24003359
0:100  0:000  MSR 0xE2 before patch 1E008006
0:100  0:000  MSR 0xE2 is locked, PM patches will be turned on
0:100  0:000  MSR 0xCE              0008083B_F1011C00
0:100  0:000  corrected FLEX_RATIO = 0
0:100  0:000  MSR 0x1B0             00000000
0:100  0:000  FSBFrequency = 97 MHz, DMI FSBFrequency = 100 MHz, Corrected FSBFrequency = 100 MHz
0:100  0:000  MaxDiv/MinDiv: 28.0/8
0:100  0:000  Turbo: 34/35/36/38
0:100  0:000  Features: 0xBFEBFBFF
0:100  0:000  Threads: 8
0:100  0:000  Cores: 4
0:100  0:000  FSB: 100 MHz
0:100  0:000  CPU: 2700 MHz
0:100  0:000  TSC: 2700 MHz
0:100  0:000  PIS: 100 MHz
0:100  0:000  ExternalClock: 25 MHz
0:100  0:000  === [ GetDevices ] ========================================
0:100  0:000  PCI (00|00:00.00) : 8086 5910 class=060000
0:100  0:000  PCI (00|00:01.00) : 8086 1901 class=060400
0:100  0:000  PCI (00|01:00.00) : 10DE 1C8C class=030000
0:100  0:000   - GFX: Model=Unknown family 1FF (Nvidia)
0:100  0:000  PCI (00|01:00.01) : FFFF FFFF class=FFFFFF
0:100  0:000  PCI (00|00:02.00) : 8086 591B class=030000
0:100  0:000   - GFX: Model=Intel HD Graphics 630 (Intel)
0:100  0:000  PCI (00|00:04.00) : 8086 1903 class=118000
0:100  0:000  PCI (00|00:14.00) : 8086 A12F class=0C0330
0:100  0:000  PCI (00|00:14.02) : 8086 A131 class=118000
0:100  0:000  PCI (00|00:15.00) : 8086 A160 class=118000
0:100  0:000  PCI (00|00:15.01) : 8086 A161 class=118000
0:100  0:000  PCI (00|00:16.00) : 8086 A13A class=078000
0:100  0:000  PCI (00|00:17.00) : 8086 A103 class=010601
0:100  0:000  PCI (00|00:1C.00) : 8086 A114 class=060400
0:100  0:000  PCI (00|02:00.00) : 10EC 8168 class=020000
0:100  0:000   - LAN: 0 Vendor=Realtek
0:100  0:000  PCI (00|00:1C.05) : 8086 A115 class=060400
0:100  0:000  PCI (00|03:00.00) : 14E4 43A3 class=028000
0:100  0:000   - WIFI: Vendor=Broadcom
0:100  0:000  PCI (00|00:1D.00) : 8086 A118 class=060400
0:100  0:000  PCI (00|04:00.00) : 144D A804 class=010802
0:100  0:000  PCI (00|00:1F.00) : 8086 A152 class=060100
0:100  0:000  PCI (00|00:1F.02) : 8086 A121 class=058000
0:100  0:000  PCI (00|00:1F.03) : 8086 A171 class=040380
0:100  0:000  PCI (00|00:1F.04) : 8086 A123 class=0C0500
0:100  0:000  === [ GetDefaultSettings ] ================================
0:100  0:000  Clover load options size = 122 bytes
0:101  0:000  EFI\CLOVER\.plist not loaded with name from LoadOptions: Invalid Parameter
0:102  0:001  EFI\CLOVER\config.plist loaded: Success
0:102  0:000  === [ GetListOfThemes ] ===================================
0:103  0:000  - [00]: SimpleThemeDark
0:103  0:000  === [ Found config plists ] ===============================
0:103  0:000  - config.plist
0:103  0:000  === [ GetEarlyUserSettings ] ==============================
0:103  0:000  timeout set to 5
0:103  0:000  Custom boot CUSTOM_BOOT_DISABLED (0x0)
0:103  0:000  ForceKextsToLoad: 1 requested
0:103  0:000   - [0]: System\Library\Extensions\IONetworkingFamily.kext
0:103  0:000  KextsToPatch: 4 requested
0:103  0:000   - [00]: IOBluetoothFamily (bluetooth) :: BinPatch :: data len: 12
0:103  0:000   - patch disabled at config
0:103  0:000   - [01]: AppleBacklight (change F%uT%04x to F%uTxxxx for AppleBacklightInjector.kext (credit RehabMan)) :: BinPatch :: data len: 9
0:103  0:000   - [02]: AppleIntelKBLGraphicsFramebuffer (Change VRAM 1536 -> 2048 for 0x591b0000) :: BinPatch :: data len: 16
0:103  0:000   - [03]: Open HandOff (NoLabel) :: BinPatch :: data len: 20
0:103  0:000   - patch disabled at config
0:103  0:000  KernelToPatch: 2 requested
0:103  0:000   - [00]: disable Invalid waitq panic, 10.13.5 :: MatchOS: 10.13.x :: data len: 12
0:103  0:000   - [01]: MSR 0xE2 _xcpm_idle instant reboot(c) Pike R. Alpha :: data len: 8
0:103  0:000  Default theme: SimpleThemeDark
0:103  0:000  Hiding entries with string Preboot
0:103  0:000  Hiding entries with string Recovery
0:103  0:000  ** Warning: unknown custom entry Type 'Other'
0:103  0:000  === [ LoadDrivers ] =======================================
0:104  0:000  Loading apfs.efi  status=Success
0:106  0:002   - driver needs connecting
0:106  0:000  Loading DataHubDxe-64.efi  status=Success
0:116  0:010  Loading EmuVariableUefi-64.efi  status=Success
0:117  0:000  EmuVariableUefi Initialize: VariableCommonInitialize = Success, orig services stored, install gEmuVariableControlProtocolGuid = Success
0:117  0:000  Loading FirmwareVolume-64.efi  status=Success
0:118  0:000  Loading FSInject-64.efi  status=Success
0:119  0:000  Loading AptioMemoryFix.efi  status=Success
0:120  0:000  Loading HFSPlus.efi  status=Success
0:120  0:000   - driver needs connecting
0:120  0:000  Loading OsxFatBinaryDrv-64.efi  status=Success
0:121  0:000  Loading SMCHelper-64.efi  status=Success
0:122  0:000  Loading VBoxHfs-64.efi  status=Success
0:122  0:000   - driver needs connecting
0:122  0:000  Loading AppleImageCodec-64.efi  status=Success
0:123  0:000  Loading AppleKeyAggregator-64.efi  status=Success
0:123  0:000  Loading AppleUITheme-64.efi  status=Success
0:124  0:000  Loading NTFS.efi  status=Success
0:125  0:001   - driver needs connecting
0:125  0:000  4 drivers needs connecting ...
0:125  0:000  PlatformDriverOverrideProtocol not found. Installing ... Success
0:125  0:000  HFS+ driver loaded
0:125  0:000  APFS driver loaded
0:125  0:000  Searching for invalid DiskIo BY_DRIVER connects: not found, all ok
2:763  2:638  EmuVariable InstallEmulation: orig vars copied, emu.var.services installed, CreateEvent VirtualAddressChange = Success, CreateEvent ExitBootServices = Success, set Status=Success
2:801  0:037  === [ InitScreen ] ========================================
2:801  0:000  SetMaxResolution: found best mode 0: 1920x1080
2:801  0:000   - already set
2:801  0:000  Console modes reported: 4, available modes:
2:801  0:000   - [01]: 80x25
2:801  0:000   - [02]: 80x50
2:801  0:000   - [03]: 100x31
2:801  0:000   - [04]: 240x56 (current mode)
2:801  0:000  reinit: self device path=PciRoot(0x0)\Pci(0x1D,0x0)\Pci(0x0,0x0)\NVMe(0x1,BC-0D-B0-71-C8-38-25-00)\HD(1,GPT,4AB76135-2BE3-46A8-8DBE-FDC2E352A2ED,0x30,0xFFFD0)
2:802  0:000  Using embedded font: Success
2:802  0:000  === [ GetMacAddress ] =====================================
2:802  0:000  MAC address of LAN #0= D4:81:D7:70:23:1B:
2:802  0:000  === [ ScanSPD ] ===========================================
2:803  0:000  SMBus device : 8086 A123 class=0C0500 status=Success
2:803  0:000  SMBus CmdReg: 0x3
2:803  0:000  Scanning SMBus [8086:A123], mmio: 0xDF132004, ioport: 0xF040, hostc: 0x11
2:803  0:000  Slots to scan [8]...
2:803  0:000  SPD[0]: Type 12 @0x50
2:821  0:017  DDR speed 2400MHz
2:821  0:000  Slot: 0 Type 26 8192MB 2400MHz Vendor=SK Hynix PartNo=HMA81GS6AFR8N-UH SerialNo=0901090E04020504
2:822  0:001  === [ GetAcpiTablesList ] =================================
2:822  0:000  Get Acpi Tables List from RSDT:
2:822  0:000   - [00]: FACP  CBX3    len=132
2:822  0:000   - [01]: APIC  CBX3    len=188
2:822  0:000   - [02]: FPDT  CBX3    len=68
2:822  0:000   - [03]: FIDT  CBX3    len=156
2:822  0:000   - [04]: MCFG  CBX3    len=60
2:822  0:000   - [05]: HPET  CBX3    len=56
2:822  0:000   - [06]: SSDT  SataTabl len=882
2:822  0:000   - [07]: BOOT  CBX3     len=40
2:822  0:000   - [08]: SSDT  SaSsdt  len=4833
2:822  0:000   - [09]: SSDT  PegSsdt len=10535
2:822  0:000   - [10]: HPET  KBL len=56
2:822  0:000   - [11]: SSDT  xh_OEMBD len=2296
2:822  0:000   - [12]: UEFI   len=66
2:822  0:000   - [13]: SSDT  CpuSsdt len=3806
2:822  0:000   - [14]: LPIT  KBL len=148
2:822  0:000   - [15]: WSMT  KBL len=40
2:822  0:000   - [16]: SSDT  sensrhub len=671
2:822  0:000   - [17]: SSDT  PtidDevc len=12290
2:822  0:000   - [18]: DBGP   len=52
2:822  0:000   - [19]: DBG2   len=84
2:822  0:000   - [20]: SSDT  DptfTabl len=17753
2:822  0:000   - [21]: MSDM  CBX3    len=85
2:822  0:000   - [22]: SLIC  CBX3    len=374
2:822  0:000   - [23]: BGRT   len=56
2:822  0:000   - [24]: SSDT  SgPeg len=240
2:822  0:000   - [25]: DMAR  KBL  len=240
2:822  0:000   - [26]: NHLT  EDK2     len=45
2:822  0:000   - [27]: SSDT  OptTabl len=7326
2:822  0:000  Calibrated TSC Frequency = 2808393080 = 2808MHz
2:822  0:000  === [ GetUserSettings ] ===================================
2:822  0:000  USB FixOwnership: yes
2:822  0:000   - final DSDT Fix mask=00000000
2:822  0:000  PatchesDSDT: 4 requested
2:822  0:000   - [00]: (change HDAS to HDEF) lenToFind: 4, lenToReplace: 4, Target Bridge: <null string>
2:822  0:000   - [01]: (change HECI to IMEI) lenToFind: 4, lenToReplace: 4, Target Bridge: <null string>
2:822  0:000   - [02]: (change MEI to IMEI) lenToFind: 4, lenToReplace: 4, Target Bridge: <null string>
2:822  0:000   - [03]: (change GFX0 to IGPU) lenToFind: 4, lenToReplace: 4, Target Bridge: <null string>
2:822  0:000  Using ProductName from config: MacBookPro13,1
2:822  0:000  Using latest BiosVersion from clover
2:822  0:000  BiosVersion: MBP131.88Z.0219.B00.1802081001
2:822  0:000  BiosReleaseDate: 02/08/2018
2:822  0:000  Using FirmwareFeatures from config: 0xFC0FE136
2:822  0:000  Using FirmwareFeaturesMask from config: 0xFF1FFF3F
2:822  0:000  Board-ID set from config as Mac-473D31EABEB93F9B
2:822  0:000  BoardType: 0xA
2:822  0:000  ChassisType: 0x9
4:725  1:902  === [ ScanVolumes ] =======================================
4:725  0:000  Found 13 volumes with blockIO
4:725  0:000  - [00]: Volume: PciRoot(0x0)\Pci(0x17,0x0)\Sata(0x1,0xFFFF,0x0)
4:992  0:266          Result of bootcode detection: bootable unknown (legacy)
4:992  0:000  - [01]: Volume: PciRoot(0x0)\Pci(0x17,0x0)\Sata(0x1,0xFFFF,0x0)\HD(1,GPT,8209FF34-9112-4E8A-8C28-D496FD461400,0x1000,0x299000)
4:997  0:005          Result of bootcode detection: bootable Windows (win)
4:997  0:000  - [02]: Volume: PciRoot(0x0)\Pci(0x17,0x0)\Sata(0x1,0xFFFF,0x0)\HD(2,GPT,808C7019-469A-41D2-ACC8-7CE9A6F293BC,0x29AC30,0x70834BD0)
5:003  0:006          Result of bootcode detection: bootable Windows (vista,win)
5:003  0:000  - [03]: Volume: PciRoot(0x0)\Pci(0x17,0x0)\Sata(0x1,0xFFFF,0x0)\HD(3,GPT,363525F1-7166-11E8-A24D-701CE75251D8,0x70AD0000,0x3C359C0)
5:004  0:000          Result of bootcode detection: bootable unknown (legacy)
5:004  0:000  - [04]: Volume: PciRoot(0x0)\Pci(0x1D,0x0)\Pci(0x0,0x0)\NVMe(0x1,BC-0D-B0-71-C8-38-25-00)
5:004  0:000  - [05]: Volume: PciRoot(0x0)\Pci(0x1D,0x0)\Pci(0x0,0x0)\NVMe(0x1,BC-0D-B0-71-C8-38-25-00)\HD(1,GPT,4AB76135-2BE3-46A8-8DBE-FDC2E352A2ED,0x30,0xFFFD0)
5:004  0:000          Result of bootcode detection: bootable Windows (win)
5:004  0:000          This is SelfVolume !!
5:004  0:000  - [06]: Volume: PciRoot(0x0)\Pci(0x1D,0x0)\Pci(0x0,0x0)\NVMe(0x1,BC-0D-B0-71-C8-38-25-00)\HD(2,GPT,9100039C-6FE2-47AE-BAE7-83E3A591CD64,0x100000,0x7832630)
5:004  0:000          Result of bootcode detection: bootable Windows (vista,win)
5:004  0:000  - [07]: Volume: PciRoot(0x0)\Pci(0x1D,0x0)\Pci(0x0,0x0)\NVMe(0x1,BC-0D-B0-71-C8-38-25-00)\HD(3,GPT,0C37AE72-E4E6-4A3D-B5C1-D129443A63AD,0x7933E30,0xC832549)
5:004  0:000          Result of bootcode detection: bootable Windows (vista,win)
5:004  0:000  - [08]: Volume: PciRoot(0x0)\Pci(0x1D,0x0)\Pci(0x0,0x0)\NVMe(0x1,BC-0D-B0-71-C8-38-25-00)\HD(4,GPT,08744655-E2E8-407B-8DCD-86FC867F1E0D,0x14166800,0x9B8CA88)
5:004  0:000          Result of bootcode detection: bootable unknown (legacy)
5:004  0:000  - [09]: Volume: PciRoot(0x0)\Pci(0x1D,0x0)\Pci(0x0,0x0)\NVMe(0x1,BC-0D-B0-71-C8-38-25-00)\HD(4,GPT,08744655-E2E8-407B-8DCD-86FC867F1E0D,0x14166800,0x9B8CA88)\VenMedia(BE74FCF7-0B7C-49F3-9147-01F4042E6842,D771E18A7770274D8A3578F3D206EA3D)
5:004  0:000          hiding this volume
5:004  0:000  - [10]: Volume: PciRoot(0x0)\Pci(0x1D,0x0)\Pci(0x0,0x0)\NVMe(0x1,BC-0D-B0-71-C8-38-25-00)\HD(4,GPT,08744655-E2E8-407B-8DCD-86FC867F1E0D,0x14166800,0x9B8CA88)\VenMedia(BE74FCF7-0B7C-49F3-9147-01F4042E6842,CA70097894109C41B56DB32E1CE998B8)
5:004  0:000  - [11]: Volume: PciRoot(0x0)\Pci(0x1D,0x0)\Pci(0x0,0x0)\NVMe(0x1,BC-0D-B0-71-C8-38-25-00)\HD(4,GPT,08744655-E2E8-407B-8DCD-86FC867F1E0D,0x14166800,0x9B8CA88)\VenMedia(BE74FCF7-0B7C-49F3-9147-01F4042E6842,5D141AA31EC3AC499B36F343305CFBD9)
5:005  0:000          hiding this volume
5:005  0:000  - [12]: Volume: PciRoot(0x0)\Pci(0x1D,0x0)\Pci(0x0,0x0)\NVMe(0x1,BC-0D-B0-71-C8-38-25-00)\HD(4,GPT,08744655-E2E8-407B-8DCD-86FC867F1E0D,0x14166800,0x9B8CA88)\VenMedia(BE74FCF7-0B7C-49F3-9147-01F4042E6842,62D684F5B0B14143AFA6A9D56D661ACA)
5:015  0:010  PutNvramPlistToRtVars: nvram.plist not found
5:015  0:000  === [ InitTheme ] =========================================
5:021  0:006  Using theme 'SimpleThemeDark' (EFI\CLOVER\themes\SimpleThemeDark)
5:021  0:000  OS main and drive as badge
5:023  0:002  Loading font from ThemeDir: Success
5:023  0:000  Choosing theme SimpleThemeDark
5:024  0:000  after NVRAM boot-args=dart=0 nv_disable=1 kext-dev-mode=1 -disablegfxfirmware
5:024  0:000  === [ Dump SMC keys from NVRAM ] ==========================
5:024  0:000  found AppleSMC protocol
5:024  0:000  Registered 18 SMC keys
5:024  0:000  === [ AddCustomEntries ] ==================================
5:024  0:000  Custom entry 0 skipped because it is disabled.
5:024  0:000  === [ ScanLoader ] ========================================
5:024  0:000  - [01]: 'EFI'
5:045  0:020  - [02]: 'DATA'
5:103  0:058  - [05]: 'EFI'
5:104  0:001          AddLoaderEntry for Volume Name=EFI
5:104  0:000      Not match custom entry 0: Type: not match
5:117  0:013  - [06]: 'Win10'
5:132  0:014  - [07]: 'DCM'
5:156  0:024  - [09]: 'Preboot', hidden
5:156  0:000  - [10]: '10.13'
5:177  0:021          AddLoaderEntry for Volume Name=10.13
5:177  0:000      Not match custom entry 0: Type: not match
5:189  0:011      hibernated: set as never
5:217  0:028  - [11]: 'Recovery', hidden
5:217  0:000  - [12]: 'VM'
5:227  0:010  === [ AddCustomTool ] =====================================
5:228  0:000  found tool \EFI\CLOVER\tools\Shell64U.efi
5:228  0:000  Checking EFI partition Volume 1 for Clover
5:228  0:000  Checking EFI partition Volume 5 for Clover
5:228  0:000   Found Clover
5:229  0:000  EmuVariable UninstallEmulation: CloseEvent = Success, original var services restored
5:230  0:001  EmuVariable InstallEmulation: orig vars copied, emu.var.services installed, CreateEvent VirtualAddressChange = Success, CreateEvent ExitBootServices = Success, set Status=Success
5:258  0:027  === [ GetEfiBootDeviceFromNvram ] =========================
5:258  0:000  Default boot entry not found
5:258  0:000  EmuVariable UninstallEmulation: CloseEvent = Success, original var services restored
5:258  0:000  DefaultIndex=-1 and MainMenu.EntryCount=8
10:350  5:092  GUI ready
